<?xml version="1.0" encoding="UTF-8"?>
<!-- Generated by org.testng.reporters.JUnitReportReporter -->
<testsuite hostname="Rohit_Ware" name="products.CM.LoginTest" tests="7" failures="0" timestamp="7 Mar 2016 13:19:32 GMT" time="302.968" errors="0">
  <testcase name="Login_UIElementVerification" time="28.648" classname="products.CM.LoginTest"/>
  <testcase name="Login_LoginFailure_BlankInputs" time="40.495" classname="products.CM.LoginTest"/>
  <testcase name="Login_RestrictedPages" time="41.556" classname="products.CM.LoginTest"/>
  <testcase name="Login_LoginSuccessful" time="71.186" classname="products.CM.LoginTest"/>
  <testcase name="Login_Logout" time="43.068" classname="products.CM.LoginTest"/>
  <testcase name="Login_LoginFailure_InvalidPass" time="44.097" classname="products.CM.LoginTest"/>
  <testcase name="Login_LoginFailure_InvalidEmail" time="33.918" classname="products.CM.LoginTest"/>
</testsuite> <!-- products.CM.LoginTest -->
