<?xml version="1.0" encoding="UTF-8"?>
<!-- Generated by org.testng.reporters.JUnitReportReporter -->
<testsuite hostname="VAIO" name="products.CM.LoginTest" tests="1" failures="0" timestamp="4 Jul 2016 20:11:41 GMT" time="21.619" errors="1">
  <testcase name="Login_LoginSuccessful" time="21.619" classname="products.CM.LoginTest">
    <error type="java.lang.Error" message="Unresolved compilation problem: 
	The constructor SeleniumFunctions(WebDriver) is undefined
">
      <![CDATA[java.lang.Error: Unresolved compilation problem: 
	The constructor SeleniumFunctions(WebDriver) is undefined

	at products.CM.LoginTest.Login_LoginSuccessful(LoginTest.java:158)
	at sun.reflect.NativeMethodAccessorImpl.invoke0(Native Method)
	at sun.reflect.NativeMethodAccessorImpl.invoke(Unknown Source)
	at sun.reflect.DelegatingMethodAccessorImpl.invoke(Unknown Source)
	at java.lang.reflect.Method.invoke(Unknown Source)
	at org.testng.internal.MethodInvocationHelper.invokeMethod(MethodInvocationHelper.java:86)
	at org.testng.internal.Invoker.invokeMethod(Invoker.java:643)
	at org.testng.internal.Invoker.invokeTestMethod(Invoker.java:820)
	at org.testng.internal.Invoker.invokeTestMethods(Invoker.java:1128)
	at org.testng.internal.TestMethodWorker.invokeTestMethods(TestMethodWorker.java:129)
	at org.testng.internal.TestMethodWorker.run(TestMethodWorker.java:112)
	at java.util.concurrent.ThreadPoolExecutor.runWorker(Unknown Source)
	at java.util.concurrent.ThreadPoolExecutor$Worker.run(Unknown Source)
	at java.lang.Thread.run(Unknown Source)
]]>
    </error>
  </testcase> <!-- Login_LoginSuccessful -->
</testsuite> <!-- products.CM.LoginTest -->
